<?xml version="1.0" encoding="UTF-8"?>
<!-- Generated by org.testng.reporters.JUnitReportReporter -->
<testsuite hostname="LAPTOP-OB0BSIOB" failures="0" tests="1" name="activeElement.AutoSuggestion" time="68.743" errors="0" timestamp="2023-07-18T11:03:01 IST" skipped="0">
  <testcase classname="activeElement.AutoSuggestion" name="PrintingAutoSuggestion" time="68.743"/>
  <system-out>
    <![CDATA[


SafeSearch]]>
  </system-out>
</testsuite> <!-- activeElement.AutoSuggestion -->
