<?xml version="1.0" encoding="UTF-8"?>
<!-- Generated by org.testng.reporters.JUnitReportReporter -->
<testsuite hostname="LAPTOP-OB0BSIOB" failures="0" tests="1" name="dropdown.SelectDateOfBirth" time="17.065" errors="0" timestamp="2023-07-18T10:44:50 IST" skipped="0">
  <testcase classname="dropdown.SelectDateOfBirth" name="DOB" time="17.065"/>
  <system-out/>
</testsuite> <!-- dropdown.SelectDateOfBirth -->
